<?xml version="1.0" encoding="UTF-8"?>
<testsuite name="com.aor.numbers.ListFiltererTest" tests="2" skipped="0" failures="0" errors="0" timestamp="2021-11-23T22:12:32" hostname="LAPTOP-B1EAS5LM" time="0.042">
  <properties/>
  <testcase name="filterDivisibleBy()" classname="com.aor.numbers.ListFiltererTest" time="0.036"/>
  <testcase name="filterPositive()" classname="com.aor.numbers.ListFiltererTest" time="0.005"/>
  <system-out><![CDATA[]]></system-out>
  <system-err><![CDATA[]]></system-err>
</testsuite>
