<?xml version="1.0" encoding="UTF-8"?>
<testsuite name="DivisibleByFilterGroovyTest" tests="1" skipped="0" failures="0" errors="0" timestamp="2021-11-29T13:06:36" hostname="LAPTOP-B1EAS5LM" time="0.203">
  <properties/>
  <testcase name="accept" classname="DivisibleByFilterGroovyTest" time="0.203"/>
  <system-out><![CDATA[]]></system-out>
  <system-err><![CDATA[]]></system-err>
</testsuite>
