<?xml version="1.0" encoding="UTF-8"?>
<testsuite name="com.aor.numbers.PositiveFilterTest" tests="1" skipped="0" failures="0" errors="0" timestamp="2021-11-23T22:12:32" hostname="LAPTOP-B1EAS5LM" time="0.0">
  <properties/>
  <testcase name="accept()" classname="com.aor.numbers.PositiveFilterTest" time="0.0"/>
  <system-out><![CDATA[]]></system-out>
  <system-err><![CDATA[]]></system-err>
</testsuite>
