<?xml version="1.0" encoding="UTF-8"?>
<testsuite name="PositiveFilterGroovyTest" tests="1" skipped="0" failures="0" errors="0" timestamp="2021-11-29T13:03:24" hostname="LAPTOP-B1EAS5LM" time="0.179">
  <properties/>
  <testcase name="accept" classname="PositiveFilterGroovyTest" time="0.179"/>
  <system-out><![CDATA[]]></system-out>
  <system-err><![CDATA[]]></system-err>
</testsuite>
