<?xml version="1.0" encoding="UTF-8"?>
<testsuite name="com.aor.numbers.ListDeduplicatorTest" tests="1" skipped="0" failures="0" errors="0" timestamp="2021-11-21T18:24:04" hostname="LAPTOP-B1EAS5LM" time="0.023">
  <properties/>
  <testcase name="deduplicate()" classname="com.aor.numbers.ListDeduplicatorTest" time="0.023"/>
  <system-out><![CDATA[]]></system-out>
  <system-err><![CDATA[]]></system-err>
</testsuite>
